2026-02-17 21:10:23,312 [INFO] Activator:176 - 


2026-02-17 21:10:23,336 [INFO] Activator:177 - !SESSION log4j initialized
2026-02-17 21:10:34,584 [INFO] LogOutputStream:77 - [STDOUT_REDIRECT] 
2026-02-17 21:10:42,152 [INFO] ApplicationProperties:184 - Using Application install path: C:\ST\STM32CubeIDE_1.19.0\STM32CubeIDE\plugins\com.st.stm32cube.common.mx_6.15.0.202507011659
2026-02-17 21:10:42,183 [INFO] DbMcusXml:78 - Set database path to: C:\ST\STM32CubeIDE_1.19.0\STM32CubeIDE\plugins\com.st.stm32cube.common.mx_6.15.0.202507011659\\db\/mcu/
2026-02-17 21:10:42,184 [INFO] ApiDb:274 - Set plugin database path to: C:\ST\STM32CubeIDE_1.19.0\STM32CubeIDE\plugins\com.st.stm32cube.common.mx_6.15.0.202507011659\\db\/plugins/boardmanager/
2026-02-17 21:10:42,189 [WARN] ApiDb:259 - Overriding images path with different value:  => C:\ST\STM32CubeIDE_1.19.0\STM32CubeIDE\plugins\com.st.stm32cube.common.mx_6.15.0.202507011659\\db\/plugins/mcufinder/images/
2026-02-17 21:10:42,232 [INFO] ApiDb:250 - Set database path to: C:\Users\sufya\.stmcufinder\plugins\mcufinder//mcu/
2026-02-17 21:10:42,237 [INFO] DbMcusAds:125 - Set database path to: C:\Users\sufya\.stmcufinder\plugins\mcufinder//mcu/
2026-02-17 21:10:42,246 [INFO] CrossReferenceDbSqlite:203 - Set database path to: C:\Users\sufya\.stmcufinder\plugins\mcufinder//mcu/cs/
2026-02-17 21:10:42,454 [INFO] RulesReader:64 - Compatibility file has been processed (317 Rules)
2026-02-17 21:10:42,780 [INFO] DbMcusXml:78 - Set database path to: C:\ST\STM32CubeIDE_1.19.0\STM32CubeIDE\plugins\com.st.stm32cube.common.mx_6.15.0.202507011659\\db\/mcu/
2026-02-17 21:10:42,781 [INFO] ApiDb:274 - Set plugin database path to: C:\ST\STM32CubeIDE_1.19.0\STM32CubeIDE\plugins\com.st.stm32cube.common.mx_6.15.0.202507011659\\db\/plugins/boardmanager/
2026-02-17 21:10:42,781 [INFO] ApiDb:261 - Set plugin images path to: C:\ST\STM32CubeIDE_1.19.0\STM32CubeIDE\plugins\com.st.stm32cube.common.mx_6.15.0.202507011659\\db\/plugins/mcufinder/images/
2026-02-17 21:10:42,781 [WARN] DbFile:41 - Overriding database path with different value: C:\Users\sufya\.stmcufinder\plugins\mcufinder/ => C:\Users\sufya\.stmcufinder\plugins\mcufinder
2026-02-17 21:10:42,781 [INFO] ApiDb:250 - Set database path to: C:\Users\sufya\.stmcufinder\plugins\mcufinder//mcu/
2026-02-17 21:10:42,781 [WARN] DbFile:41 - Overriding database path with different value: C:\Users\sufya\.stmcufinder\plugins\mcufinder/ => C:\Users\sufya\.stmcufinder\plugins\mcufinder
2026-02-17 21:10:42,781 [INFO] DbMcusAds:125 - Set database path to: C:\Users\sufya\.stmcufinder\plugins\mcufinder//mcu/
2026-02-17 21:10:42,781 [WARN] DbFile:41 - Overriding database path with different value: C:\Users\sufya\.stmcufinder\plugins\mcufinder/ => C:\Users\sufya\.stmcufinder\plugins\mcufinder
2026-02-17 21:10:42,781 [WARN] DbFile:41 - Overriding database path with different value: C:\Users\sufya\.stmcufinder\plugins\mcufinder/ => C:\Users\sufya\.stmcufinder\plugins\mcufinder
2026-02-17 21:10:42,781 [INFO] CrossReferenceDbSqlite:203 - Set database path to: C:\Users\sufya\.stmcufinder\plugins\mcufinder//mcu/cs/
2026-02-17 21:10:43,085 [INFO] MainPanel:274 - HeapMemory: 268435456
2026-02-17 21:10:43,399 [INFO] DbMcusXml:78 - Set database path to: C:\ST\STM32CubeIDE_1.19.0\STM32CubeIDE\plugins\com.st.stm32cube.common.mx_6.15.0.202507011659\\db\/mcu/
2026-02-17 21:10:43,399 [INFO] ApiDb:274 - Set plugin database path to: C:\ST\STM32CubeIDE_1.19.0\STM32CubeIDE\plugins\com.st.stm32cube.common.mx_6.15.0.202507011659\\db\/plugins/boardmanager/
2026-02-17 21:10:43,399 [INFO] ApiDb:261 - Set plugin images path to: C:\ST\STM32CubeIDE_1.19.0\STM32CubeIDE\plugins\com.st.stm32cube.common.mx_6.15.0.202507011659\\db\/plugins/mcufinder/images/
2026-02-17 21:10:43,400 [WARN] DbFile:41 - Overriding database path with different value: C:\Users\sufya\.stmcufinder\plugins\mcufinder/ => C:\Users\sufya\.stmcufinder\plugins\mcufinder
2026-02-17 21:10:43,400 [INFO] ApiDb:250 - Set database path to: C:\Users\sufya\.stmcufinder\plugins\mcufinder//mcu/
2026-02-17 21:10:43,400 [WARN] DbFile:41 - Overriding database path with different value: C:\Users\sufya\.stmcufinder\plugins\mcufinder/ => C:\Users\sufya\.stmcufinder\plugins\mcufinder
2026-02-17 21:10:43,400 [INFO] DbMcusAds:125 - Set database path to: C:\Users\sufya\.stmcufinder\plugins\mcufinder//mcu/
2026-02-17 21:10:43,400 [WARN] DbFile:41 - Overriding database path with different value: C:\Users\sufya\.stmcufinder\plugins\mcufinder/ => C:\Users\sufya\.stmcufinder\plugins\mcufinder
2026-02-17 21:10:43,400 [WARN] DbFile:41 - Overriding database path with different value: C:\Users\sufya\.stmcufinder\plugins\mcufinder/ => C:\Users\sufya\.stmcufinder\plugins\mcufinder
2026-02-17 21:10:43,400 [INFO] CrossReferenceDbSqlite:203 - Set database path to: C:\Users\sufya\.stmcufinder\plugins\mcufinder//mcu/cs/
2026-02-17 21:10:43,440 [INFO] ApplicationProperties:184 - Using Application install path: C:\ST\STM32CubeIDE_1.19.0\STM32CubeIDE\plugins\com.st.stm32cube.common.mx_6.15.0.202507011659
2026-02-17 21:10:43,441 [INFO] PluginManage:196 - Search for loadable plugins [exclusion list=, ]
2026-02-17 21:10:43,445 [INFO] PluginManage:310 - Check plugin analytics
2026-02-17 21:10:48,805 [INFO] AnalyticsPlugin:253 - Accepted Software Licenses: 
2026-02-17 21:10:48,805 [INFO] AnalyticsPlugin:255 - Accepted CMSIS Pack Licenses: 
2026-02-17 21:10:48,805 [INFO] AnalyticsPlugin:257 - Accepted Firmware Licenses: 
2026-02-17 21:10:48,808 [INFO] PluginManage:359 - Loaded plugin analytics (category:tool,tabindex:-1)
2026-02-17 21:10:48,808 [INFO] PluginManage:310 - Check plugin cadmodel
2026-02-17 21:10:48,827 [INFO] CADModel:105 - Init CAD model plugin
2026-02-17 21:10:48,827 [INFO] PluginManage:359 - Loaded plugin cadmodel (category:power,tabindex:5)
2026-02-17 21:10:48,828 [INFO] PluginManage:310 - Check plugin clock
2026-02-17 21:10:48,891 [INFO] PluginManage:359 - Loaded plugin clock (category:base,tabindex:2)
2026-02-17 21:10:48,891 [INFO] PluginManage:310 - Check plugin ddr
2026-02-17 21:10:48,897 [INFO] PluginManage:359 - Loaded plugin ddr (category:tool,tabindex:6)
2026-02-17 21:10:48,898 [INFO] PluginManage:310 - Check plugin filemanager
2026-02-17 21:10:49,339 [INFO] PluginManage:359 - Loaded plugin filemanager (category:base,tabindex:10)
2026-02-17 21:10:49,339 [INFO] PluginManage:310 - Check plugin ipmanager
2026-02-17 21:10:49,368 [INFO] PluginManage:359 - Loaded plugin ipmanager (category:base,tabindex:5)
2026-02-17 21:10:49,368 [INFO] PluginManage:310 - Check plugin lpbam
2026-02-17 21:10:49,399 [INFO] PluginManage:359 - Loaded plugin lpbam (category:base,tabindex:0)
2026-02-17 21:10:49,399 [INFO] PluginManage:310 - Check plugin memorymap
2026-02-17 21:10:49,447 [INFO] PluginManage:359 - Loaded plugin memorymap (category:base,tabindex:4)
2026-02-17 21:10:49,447 [INFO] PluginManage:310 - Check plugin pinoutandconfiguration
2026-02-17 21:10:49,483 [INFO] PluginManage:359 - Loaded plugin pinoutandconfiguration (category:base,tabindex:1)
2026-02-17 21:10:49,483 [INFO] PluginManage:310 - Check plugin pinoutconfig
2026-02-17 21:10:49,642 [WARN] SupportedApi:132 - Cannot load RTOS API schema: s4s-elt-must-match.1: The content of 'definitions' must match (annotation?, (simpleType | complexType)?, (unique | key | keyref)*)). A problem was found starting at: attribute.
2026-02-17 21:10:50,022 [INFO] PluginManage:359 - Loaded plugin pinoutconfig (category:base,tabindex:0)
2026-02-17 21:10:50,022 [INFO] PluginManage:310 - Check plugin power
2026-02-17 21:10:50,063 [INFO] PluginManage:359 - Loaded plugin power (category:power,tabindex:4)
2026-02-17 21:10:50,063 [INFO] PluginManage:310 - Check plugin projectmanager
2026-02-17 21:10:50,081 [INFO] PluginManage:359 - Loaded plugin projectmanager (category:projectmanager,tabindex:4)
2026-02-17 21:10:50,081 [INFO] PluginManage:310 - Check plugin rif
2026-02-17 21:10:50,131 [INFO] PluginManage:359 - Loaded plugin rif (category:base,tabindex:3)
2026-02-17 21:10:50,132 [INFO] PluginManage:310 - Check plugin thirdparty
2026-02-17 21:10:50,543 [INFO] PluginManage:359 - Loaded plugin thirdparty (category:base,tabindex:-1)
2026-02-17 21:10:50,544 [INFO] PluginManage:310 - Check plugin tools
2026-02-17 21:10:50,543 [WARN] IntegrityCheckThread:84 - waiting for thirdparty lock release [integrity check]
2026-02-17 21:10:50,544 [INFO] IntegrityCheckThread:86 - entering critical section [integrity check]
2026-02-17 21:10:50,544 [INFO] ThirdPartyUpdaterWithRetryManager:70 - Updater plugin not ready yet. [1/15]
2026-02-17 21:10:50,568 [INFO] PluginManage:359 - Loaded plugin tools (category:base,tabindex:7)
2026-02-17 21:10:50,568 [INFO] PluginManage:310 - Check plugin tutovideos
2026-02-17 21:10:51,408 [INFO] PluginManage:359 - Loaded plugin tutovideos (category:base,tabindex:-1)
2026-02-17 21:10:51,409 [INFO] PluginManage:310 - Check plugin updater
2026-02-17 21:10:51,617 [INFO] PluginManage:359 - Loaded plugin updater (category:base,tabindex:12)
2026-02-17 21:10:51,617 [INFO] PluginManage:310 - Check plugin userauth
2026-02-17 21:10:51,630 [INFO] UserAuth:118 - Init User Auth plugin
2026-02-17 21:10:51,631 [INFO] PluginManage:359 - Loaded plugin userauth (category:base,tabindex:14)
2026-02-17 21:10:51,632 [INFO] PluginManage:283 - PluginManage : Loaded plugins [18]
2026-02-17 21:10:52,292 [INFO] PinOutPanel:1589 - setPackage(No Configuration,No Configuration)
2026-02-17 21:10:52,625 [INFO] CADModel:165 - CPN selected for project level
2026-02-17 21:10:52,625 [INFO] CADModel:114 - Register for checkConnection events
2026-02-17 21:10:52,726 [INFO] IPUIPlugin:80 - create IPUIPlugin
2026-02-17 21:10:52,726 [INFO] PluginManager:220 - loadIPPluginJar : add adc
2026-02-17 21:10:52,731 [INFO] IPUIPlugin:80 - create IPUIPlugin
2026-02-17 21:10:52,731 [INFO] PluginManager:220 - loadIPPluginJar : add aes
2026-02-17 21:10:52,754 [INFO] IPUIPlugin:80 - create IPUIPlugin
2026-02-17 21:10:52,754 [INFO] PluginManager:220 - loadIPPluginJar : add can
2026-02-17 21:10:52,779 [INFO] IPUIPlugin:80 - create IPUIPlugin
2026-02-17 21:10:52,779 [INFO] PluginManager:220 - loadIPPluginJar : add comp
2026-02-17 21:10:52,785 [INFO] IPUIPlugin:80 - create IPUIPlugin
2026-02-17 21:10:52,785 [INFO] PluginManager:220 - loadIPPluginJar : add cryp
2026-02-17 21:10:52,790 [INFO] IPUIPlugin:80 - create IPUIPlugin
2026-02-17 21:10:52,790 [INFO] PluginManager:220 - loadIPPluginJar : add ddr_ctrl_phy
2026-02-17 21:10:52,793 [INFO] IPUIPlugin:80 - create IPUIPlugin
2026-02-17 21:10:52,795 [INFO] PluginManager:220 - loadIPPluginJar : add dfsdm
2026-02-17 21:10:52,822 [INFO] IPUIPlugin:80 - create IPUIPlugin
2026-02-17 21:10:52,823 [INFO] PluginManager:220 - loadIPPluginJar : add dma
2026-02-17 21:10:52,843 [INFO] IPUIPlugin:80 - create IPUIPlugin
2026-02-17 21:10:52,843 [INFO] PluginManager:220 - loadIPPluginJar : add dma3
2026-02-17 21:10:52,864 [INFO] IPUIPlugin:80 - create IPUIPlugin
2026-02-17 21:10:52,864 [INFO] PluginManager:220 - loadIPPluginJar : add extmemmanager
2026-02-17 21:10:52,868 [INFO] IPUIPlugin:80 - create IPUIPlugin
2026-02-17 21:10:52,868 [INFO] PluginManager:220 - loadIPPluginJar : add fatfs
2026-02-17 21:10:52,879 [INFO] IPUIPlugin:80 - create IPUIPlugin
2026-02-17 21:10:52,879 [INFO] PluginManager:220 - loadIPPluginJar : add fmc
2026-02-17 21:10:52,895 [INFO] IPUIPlugin:80 - create IPUIPlugin
2026-02-17 21:10:52,895 [INFO] PluginManager:220 - loadIPPluginJar : add freertos
2026-02-17 21:10:52,898 [INFO] IPUIPlugin:80 - create IPUIPlugin
2026-02-17 21:10:52,898 [INFO] PluginManager:220 - loadIPPluginJar : add genericplugin
2026-02-17 21:10:52,912 [INFO] IPUIPlugin:80 - create IPUIPlugin
2026-02-17 21:10:52,913 [INFO] PluginManager:220 - loadIPPluginJar : add gfxmmu
2026-02-17 21:10:52,937 [INFO] IPUIPlugin:80 - create IPUIPlugin
2026-02-17 21:10:52,937 [INFO] PluginManager:220 - loadIPPluginJar : add gic
2026-02-17 21:10:52,998 [INFO] IPUIPlugin:80 - create IPUIPlugin
2026-02-17 21:10:52,998 [INFO] PluginManager:220 - loadIPPluginJar : add gpio
2026-02-17 21:10:53,030 [INFO] IPUIPlugin:80 - create IPUIPlugin
2026-02-17 21:10:53,030 [INFO] PluginManager:220 - loadIPPluginJar : add gtzc
2026-02-17 21:10:53,034 [INFO] IPUIPlugin:80 - create IPUIPlugin
2026-02-17 21:10:53,034 [INFO] PluginManager:220 - loadIPPluginJar : add hash
2026-02-17 21:10:53,038 [INFO] IPUIPlugin:80 - create IPUIPlugin
2026-02-17 21:10:53,038 [INFO] PluginManager:220 - loadIPPluginJar : add i2c
2026-02-17 21:10:53,043 [INFO] IPUIPlugin:80 - create IPUIPlugin
2026-02-17 21:10:53,043 [INFO] PluginManager:220 - loadIPPluginJar : add i2s
2026-02-17 21:10:53,050 [INFO] IPUIPlugin:80 - create IPUIPlugin
2026-02-17 21:10:53,050 [INFO] PluginManager:220 - loadIPPluginJar : add i3c
2026-02-17 21:10:53,059 [INFO] IPUIPlugin:80 - create IPUIPlugin
2026-02-17 21:10:53,059 [INFO] PluginManager:220 - loadIPPluginJar : add ipddr
2026-02-17 21:10:53,069 [INFO] IPUIPlugin:80 - create IPUIPlugin
2026-02-17 21:10:53,069 [INFO] PluginManager:220 - loadIPPluginJar : add linkedlist
2026-02-17 21:10:53,081 [INFO] IPUIPlugin:80 - create IPUIPlugin
2026-02-17 21:10:53,081 [INFO] PluginManager:220 - loadIPPluginJar : add lorawan
2026-02-17 21:10:53,086 [INFO] IPUIPlugin:80 - create IPUIPlugin
2026-02-17 21:10:53,086 [INFO] PluginManager:220 - loadIPPluginJar : add ltdc
2026-02-17 21:10:53,096 [INFO] IPUIPlugin:80 - create IPUIPlugin
2026-02-17 21:10:53,097 [INFO] PluginManager:220 - loadIPPluginJar : add mdma
2026-02-17 21:10:53,104 [INFO] IPUIPlugin:80 - create IPUIPlugin
2026-02-17 21:10:53,105 [INFO] PluginManager:220 - loadIPPluginJar : add nvic
2026-02-17 21:10:53,124 [INFO] IPUIPlugin:80 - create IPUIPlugin
2026-02-17 21:10:53,124 [INFO] PluginManager:220 - loadIPPluginJar : add opamp
2026-02-17 21:10:53,134 [INFO] IPUIPlugin:80 - create IPUIPlugin
2026-02-17 21:10:53,134 [INFO] PluginManager:220 - loadIPPluginJar : add openamp
2026-02-17 21:10:53,140 [INFO] IPUIPlugin:80 - create IPUIPlugin
2026-02-17 21:10:53,140 [INFO] PluginManager:220 - loadIPPluginJar : add pdm2pcm
2026-02-17 21:10:53,151 [INFO] IPUIPlugin:80 - create IPUIPlugin
2026-02-17 21:10:53,154 [INFO] PluginManager:220 - loadIPPluginJar : add plateformsettings
2026-02-17 21:10:53,157 [INFO] IPUIPlugin:80 - create IPUIPlugin
2026-02-17 21:10:53,157 [INFO] PluginManager:220 - loadIPPluginJar : add quadspi
2026-02-17 21:10:53,161 [INFO] IPUIPlugin:80 - create IPUIPlugin
2026-02-17 21:10:53,163 [INFO] PluginManager:220 - loadIPPluginJar : add radio
2026-02-17 21:10:53,173 [INFO] IPUIPlugin:80 - create IPUIPlugin
2026-02-17 21:10:53,173 [INFO] PluginManager:220 - loadIPPluginJar : add resmgrutility
2026-02-17 21:10:53,179 [INFO] IPUIPlugin:80 - create IPUIPlugin
2026-02-17 21:10:53,179 [INFO] PluginManager:220 - loadIPPluginJar : add sai
2026-02-17 21:10:53,203 [INFO] IPUIPlugin:80 - create IPUIPlugin
2026-02-17 21:10:53,203 [INFO] PluginManager:220 - loadIPPluginJar : add spi
2026-02-17 21:10:53,236 [INFO] IPUIPlugin:80 - create IPUIPlugin
2026-02-17 21:10:53,236 [INFO] PluginManager:220 - loadIPPluginJar : add stm32_wpan
2026-02-17 21:10:53,239 [INFO] IPUIPlugin:80 - create IPUIPlugin
2026-02-17 21:10:53,239 [INFO] PluginManager:220 - loadIPPluginJar : add tim
2026-02-17 21:10:53,245 [INFO] IPUIPlugin:80 - create IPUIPlugin
2026-02-17 21:10:53,245 [INFO] PluginManager:220 - loadIPPluginJar : add touchsensing
2026-02-17 21:10:53,266 [INFO] IPUIPlugin:80 - create IPUIPlugin
2026-02-17 21:10:53,267 [INFO] PluginManager:220 - loadIPPluginJar : add tracer_emb
2026-02-17 21:10:53,274 [INFO] IPUIPlugin:80 - create IPUIPlugin
2026-02-17 21:10:53,274 [INFO] PluginManager:220 - loadIPPluginJar : add ts
2026-02-17 21:10:53,277 [INFO] IPUIPlugin:80 - create IPUIPlugin
2026-02-17 21:10:53,278 [INFO] PluginManager:220 - loadIPPluginJar : add tsc
2026-02-17 21:10:53,282 [INFO] IPUIPlugin:80 - create IPUIPlugin
2026-02-17 21:10:53,282 [INFO] PluginManager:220 - loadIPPluginJar : add ucpd
2026-02-17 21:10:53,286 [INFO] IPUIPlugin:80 - create IPUIPlugin
2026-02-17 21:10:53,286 [INFO] PluginManager:220 - loadIPPluginJar : add usart
2026-02-17 21:10:53,291 [INFO] IPUIPlugin:80 - create IPUIPlugin
2026-02-17 21:10:53,291 [INFO] PluginManager:220 - loadIPPluginJar : add usbx
2026-02-17 21:10:53,546 [INFO] ThirdPartyUpdaterWithRetryManager:70 - Updater plugin not ready yet. [2/15]
2026-02-17 21:10:53,718 [FATAL] Updater:351 - Updater called before beeing initialized
2026-02-17 21:10:53,791 [INFO] RulesReader:64 - Compatibility file has been processed (317 Rules)
2026-02-17 21:10:53,803 [INFO] RulesReader:64 - Compatibility file has been processed (317 Rules)
2026-02-17 21:10:53,821 [INFO] CADModel:165 - CPN selected for project level
2026-02-17 21:10:53,821 [INFO] CADModel:114 - Register for checkConnection events
2026-02-17 21:10:53,821 [FATAL] Updater:351 - Updater called before beeing initialized
2026-02-17 21:10:53,821 [ERROR] CADModel:125 - Updater not yet initialized, retry later 
2026-02-17 21:10:54,164 [FATAL] Updater:351 - Updater called before beeing initialized
2026-02-17 21:10:54,170 [INFO] CADModel:165 - CPN selected for project level
2026-02-17 21:10:54,170 [INFO] CADModel:114 - Register for checkConnection events
2026-02-17 21:10:54,170 [FATAL] Updater:351 - Updater called before beeing initialized
2026-02-17 21:10:54,170 [ERROR] CADModel:125 - Updater not yet initialized, retry later 
2026-02-17 21:10:54,175 [FATAL] Updater:351 - Updater called before beeing initialized
2026-02-17 21:10:54,494 [FATAL] Updater:351 - Updater called before beeing initialized
2026-02-17 21:10:54,499 [INFO] DbMcusAds:53 - JSON generation date=Thu Jan 08 16:57:51 CET 2026 (1767887871456)
2026-02-17 21:10:54,500 [FATAL] Updater:351 - Updater called before beeing initialized
2026-02-17 21:10:54,574 [WARN] DetailPanel:346 - Failed to get advertising image, set to default
2026-02-17 21:10:54,734 [FATAL] Updater:351 - Updater called before beeing initialized
2026-02-17 21:10:54,735 [FATAL] Updater:351 - Updater called before beeing initialized
2026-02-17 21:10:54,735 [FATAL] Updater:351 - Updater called before beeing initialized
2026-02-17 21:10:54,735 [WARN] DetailPanel:346 - Failed to get advertising image, set to default
2026-02-17 21:10:54,736 [FATAL] Updater:351 - Updater called before beeing initialized
2026-02-17 21:10:54,822 [ERROR] Updater:1198 - MainUpdater not yet initialized. External WinMGr cannot be set.
2026-02-17 21:10:54,825 [INFO] Updater:1134 - Updater Version found : 6.15.0
2026-02-17 21:10:54,862 [INFO] ApplicationProperties:184 - Using Application install path: C:\ST\STM32CubeIDE_1.19.0\STM32CubeIDE\plugins\com.st.stm32cube.common.mx_6.15.0.202507011659
2026-02-17 21:10:56,442 [ERROR] LogOutputStream:75 - [STDERR_REDIRECT] Feb 17, 2026 9:10:56 PM java.util.prefs.WindowsPreferences <init>
2026-02-17 21:10:56,443 [ERROR] LogOutputStream:75 - [STDERR_REDIRECT] WARNING: Could not open/create prefs root node Software\JavaSoft\Prefs at root 0xffffffff80000002. Windows RegCreateKeyEx(...) returned error code 5.
2026-02-17 21:10:56,444 [ERROR] LogOutputStream:75 - [STDERR_REDIRECT] 
2026-02-17 21:10:56,548 [INFO] ThirdPartyUpdaterWithRetryManager:70 - Updater plugin not ready yet. [3/15]
2026-02-17 21:10:56,808 [INFO] MainUpdater:2872 - connection check result : 10
2026-02-17 21:10:56,808 [INFO] MainUpdater:3604 - Updater definition file requires update
2026-02-17 21:10:56,809 [INFO] MainUpdater:289 - Updater Check For Update Now.
2026-02-17 21:10:56,809 [INFO] MicroXplorer:498 - Change Database Version : DB.6.0.150
2026-02-17 21:10:56,818 [INFO] McuFinderGlobals:63 - Set McuFinder mode to 2 (CubeIDE integrated)
2026-02-17 21:10:56,818 [INFO] UserAuth:171 - activating auth plugin
2026-02-17 21:10:56,822 [INFO] UserAuth:487 - Internet connection configuration mode: 1
2026-02-17 21:10:56,851 [INFO] JxBrowserEngine:152 - Initiate JxBrowser Engine with user profile folder
2026-02-17 21:10:56,909 [INFO] ServerAccessManage:452 - Complete download http(s) 200
2026-02-17 21:10:56,911 [INFO] ServerAccessManage:509 - Download File updaters.zip
2026-02-17 21:10:57,018 [INFO] FileExtend:248 - Unzip File : updaters.zip
2026-02-17 21:10:57,019 [INFO] FileExtend:263 - Standard Zip Deflate
2026-02-17 21:10:57,640 [INFO] ServerAccessManage:452 - Complete download http(s) 200
2026-02-17 21:10:57,640 [INFO] ServerAccessManage:509 - Download File PacksControlFlags.xml
2026-02-17 21:10:57,724 [INFO] ServerAccessManage:452 - Complete download http(s) 200
2026-02-17 21:10:57,725 [INFO] ServerAccessManage:509 - Download File cubemx.pidx
2026-02-17 21:10:58,156 [INFO] ServerAccessManage:452 - Complete download http(s) 200
2026-02-17 21:10:58,156 [INFO] ServerAccessManage:509 - Download File STMicroelectronics.FP-SNS-MOTENVWB1.pdsc
2026-02-17 21:10:59,550 [WARN] MainUpdater:1193 - Updater busy. Cannot search thirdparties
2026-02-17 21:10:59,551 [INFO] ThirdPartyUpdaterWithRetryManager:96 - Updater plugin is busy. [1/15]
2026-02-17 21:11:00,176 [WARN] PackLoader:240 - Cannot read IP mode file for STMicroelectronics.FP-SNS-MOTENVWB1.1.5.0
2026-02-17 21:11:00,179 [INFO] PopulateThirdPartyThread:66 - Ending populate Thread
2026-02-17 21:11:00,182 [INFO] ThirdParty:1030 - CMSIS Pack Vendor :STMicroelectronics FP-SNS-MOTENVWB1 1.5.0
2026-02-17 21:11:00,182 [INFO] LoadServerUpdatesThread:375 - End of LoadServerUpdate Thread
2026-02-17 21:11:00,264 [INFO] WebApp:169 - Instantiating new browser for Auth
2026-02-17 21:11:00,264 [INFO] CheckServerUpdateThread:120 - End of CheckServer Thread
2026-02-17 21:11:01,573 [INFO] WebApp:463 - Apply proxy settings
2026-02-17 21:11:01,574 [INFO] WebApp:548 - Chromium requires no authentication
2026-02-17 21:11:01,586 [INFO] WebApp:491 - Direct internet connection detected
2026-02-17 21:11:01,632 [INFO] WebApp:900 - Register for checkConnection events
2026-02-17 21:11:01,632 [INFO] WebApp:463 - Apply proxy settings
2026-02-17 21:11:01,632 [INFO] WebApp:548 - Chromium requires no authentication
2026-02-17 21:11:01,632 [INFO] WebApp:491 - Direct internet connection detected
2026-02-17 21:11:02,033 [INFO] WebApp:225 - Starting web application
2026-02-17 21:11:02,033 [INFO] WebApp:593 - Web application path used C:\ST\STM32CubeIDE_1.19.0\STM32CubeIDE\plugins\com.st.stm32cube.common.mx_6.15.0.202507011659\db\plugins\mcufinder\reactClient1\index.html
2026-02-17 21:11:02,613 [INFO] WebApp:191 - Connection restablished
2026-02-17 21:11:03,099 [WARN] PackLoader:240 - Cannot read IP mode file for STMicroelectronics.FP-SNS-MOTENVWB1.1.4.0
2026-02-17 21:11:03,110 [WARN] PackLoader:240 - Cannot read IP mode file for STMicroelectronics.FP-ATR-ASTRA1.2.0.2
2026-02-17 21:11:03,130 [WARN] PackLoader:240 - Cannot read IP mode file for STMicroelectronics.X-CUBE-SMBUS.2.1.0
2026-02-17 21:11:03,138 [WARN] PackLoader:240 - Cannot read IP mode file for STMicroelectronics.X-CUBE-ST60.1.0.0
2026-02-17 21:11:03,206 [WARN] PackLoader:240 - Cannot read IP mode file for STMicroelectronics.X-CUBE-AZRTOS-F7.1.1.0
2026-02-17 21:11:03,226 [WARN] PackLoader:240 - Cannot read IP mode file for STMicroelectronics.FP-SNS-MOTENV1.5.1.0
2026-02-17 21:11:03,268 [WARN] PackLoader:240 - Cannot read IP mode file for Infineon.AIROC-Wi-Fi-Bluetooth-STM32.1.7.1
2026-02-17 21:11:03,306 [WARN] PackLoader:240 - Cannot read IP mode file for STMicroelectronics.X-CUBE-AZRTOS-H7.3.4.0
2026-02-17 21:11:03,322 [WARN] PackLoader:240 - Cannot read IP mode file for STMicroelectronics.X-CUBE-DISPLAY.3.0.0
2026-02-17 21:11:03,330 [WARN] PackLoader:240 - Cannot read IP mode file for STMicroelectronics.FP-SNS-MOTENVWB1.1.5.0
2026-02-17 21:11:03,348 [WARN] PackLoader:240 - Cannot read IP mode file for STMicroelectronics.X-CUBE-NFC10.1.0.0
2026-02-17 21:11:03,354 [WARN] PackLoader:240 - Cannot read IP mode file for STMicroelectronics.X-CUBE-ST60.1.1.0
2026-02-17 21:11:03,368 [WARN] PackLoader:240 - Cannot read IP mode file for emotas.I-CUBE-CANOPEN.1.3.0
2026-02-17 21:11:03,376 [WARN] PackLoader:240 - Cannot read IP mode file for STMicroelectronics.X-CUBE-GNSS1.7.1.0
2026-02-17 21:11:03,387 [WARN] PackLoader:240 - Cannot read IP mode file for STMicroelectronics.FP-SNS-STBOX1.2.1.0
2026-02-17 21:11:03,398 [WARN] PackLoader:240 - Cannot read IP mode file for STMicroelectronics.FP-SNS-SMARTAG2.1.2.0
2026-02-17 21:11:03,407 [WARN] PackLoader:240 - Cannot read IP mode file for STMicroelectronics.FP-SNS-FLIGHT1.5.1.0
2026-02-17 21:11:03,424 [INFO] LogOutputStream:77 - [STDOUT_REDIRECT] 1 : Invalid condition id : UX_CORESTACK_Condition cause : null
2026-02-17 21:11:03,424 [INFO] LogOutputStream:77 - [STDOUT_REDIRECT] 1 : Invalid condition id : UX_CORESTACK_Condition cause : null
2026-02-17 21:11:03,426 [INFO] LogOutputStream:77 - [STDOUT_REDIRECT] 1 : Invalid condition id : UX_CORESTACK_Condition cause : null
2026-02-17 21:11:03,432 [INFO] LogOutputStream:77 - [STDOUT_REDIRECT] 1 : Invalid condition id : UX_CORESTACK_Condition cause : null
2026-02-17 21:11:03,434 [INFO] LogOutputStream:77 - [STDOUT_REDIRECT] 1 : Invalid condition id : UX_CORESTACK_Condition cause : null
2026-02-17 21:11:03,437 [WARN] PackLoader:240 - Cannot read IP mode file for STMicroelectronics.X-CUBE-AZRTOS-WL.2.0.0
2026-02-17 21:11:03,452 [WARN] PackLoader:240 - Cannot read IP mode file for STMicroelectronics.FP-SNS-MOTENV1.5.0.0
2026-02-17 21:11:03,480 [WARN] PackLoader:240 - Cannot read IP mode file for STMicroelectronics.X-CUBE-AZRTOS-H7RS.1.2.0
2026-02-17 21:11:03,490 [WARN] PackLoader:240 - Cannot read IP mode file for WES.I-CUBE-Cesium.1.3.0
2026-02-17 21:11:03,501 [WARN] PackLoader:240 - Cannot read IP mode file for STMicroelectronics.X-CUBE-BLE2.3.3.0
2026-02-17 21:11:03,534 [WARN] PackLoader:240 - Cannot read IP mode file for STMicroelectronics.X-CUBE-NFC9.1.0.0
2026-02-17 21:11:03,545 [WARN] PackLoader:240 - Cannot read IP mode file for STMicroelectronics.X-CUBE-BLE1.7.1.0
2026-02-17 21:11:03,553 [WARN] PackLoader:240 - Cannot read IP mode file for wolfSSL.I-CUBE-wolfMQTT.1.19.2
2026-02-17 21:11:03,565 [WARN] PackLoader:240 - Cannot read IP mode file for STMicroelectronics.X-CUBE-FREERTOS.1.4.0
2026-02-17 21:11:03,571 [WARN] PackLoader:240 - Cannot read IP mode file for STMicroelectronics.X-CUBE-EEPRMA1.5.2.0
2026-02-17 21:11:03,617 [WARN] PackLoader:240 - Cannot read IP mode file for STMicroelectronics.X-CUBE-MEMS1.12.0.0
2026-02-17 21:11:03,720 [WARN] PackLoader:240 - Cannot read IP mode file for STMicroelectronics.X-CUBE-AZRTOS-G0.1.1.0
2026-02-17 21:11:03,733 [WARN] PackLoader:240 - Cannot read IP mode file for STMicroelectronics.X-CUBE-SAFEA1.1.2.2
2026-02-17 21:11:03,743 [WARN] PackLoader:240 - Cannot read IP mode file for STMicroelectronics.X-CUBE-NFC4.3.0.0
2026-02-17 21:11:03,753 [WARN] PackLoader:240 - Cannot read IP mode file for EmbeddedOffice.I-CUBE-FS-RTOS.1.0.1
2026-02-17 21:11:03,761 [WARN] PackLoader:240 - Cannot read IP mode file for STMicroelectronics.X-CUBE-WB05N.2.0.0
2026-02-17 21:11:03,769 [WARN] PackLoader:240 - Cannot read IP mode file for wolfSSL.I-CUBE-wolfTPM.3.8.0
2026-02-17 21:11:03,776 [WARN] PackLoader:240 - Cannot read IP mode file for STMicroelectronics.X-CUBE-TCPP.4.2.0
2026-02-17 21:11:03,786 [WARN] PackLoader:240 - Cannot read IP mode file for RealThread.X-CUBE-RT-Thread_Nano.4.1.1
2026-02-17 21:11:03,791 [WARN] PackLoader:240 - Cannot read IP mode file for STMicroelectronics.FP-ATR-SIGFOX1.3.2.0
2026-02-17 21:11:03,801 [WARN] PackLoader:240 - Cannot read IP mode file for ITTIA_DB.I-CUBE-ITTIADB.8.9.0
2026-02-17 21:11:03,809 [WARN] PackLoader:240 - Cannot read IP mode file for STMicroelectronics.X-CUBE-NFC6.3.2.0
2026-02-17 21:11:03,825 [WARN] PackLoader:240 - Cannot read IP mode file for STMicroelectronics.X-CUBE-ST67W61.1.0.0
2026-02-17 21:11:03,833 [WARN] PackLoader:240 - Cannot read IP mode file for STMicroelectronics.X-CUBE-AI.10.2.0
2026-02-17 21:11:03,857 [WARN] PackLoader:240 - Cannot read IP mode file for SEGGER.I-CUBE-embOS.1.3.1
2026-02-17 21:11:03,894 [WARN] PackLoader:240 - Cannot read IP mode file for STMicroelectronics.X-CUBE-ALGOBUILD.1.4.0
2026-02-17 21:11:03,936 [WARN] PackLoader:240 - Cannot read IP mode file for STMicroelectronics.X-CUBE-MEMS1.11.3.0
2026-02-17 21:11:04,065 [WARN] PackLoader:240 - Cannot read IP mode file for STMicroelectronics.X-CUBE-PM33A1.1.0.0
2026-02-17 21:11:04,083 [WARN] PackLoader:240 - Cannot read IP mode file for STMicroelectronics.X-CUBE-AZRTOS-F4.1.1.0
2026-02-17 21:11:04,092 [WARN] PackLoader:240 - Cannot read IP mode file for Avnet-IotConnect.X-CUBE-IoTC-DA16k-PMOD.1.0.0
2026-02-17 21:11:04,107 [WARN] PackLoader:240 - Cannot read IP mode file for STMicroelectronics.X-CUBE-ISPU.2.1.0
2026-02-17 21:11:04,125 [WARN] PackLoader:240 - Cannot read IP mode file for STMicroelectronics.X-CUBE-IPS.3.2.0
2026-02-17 21:11:04,138 [WARN] PackLoader:240 - Cannot read IP mode file for STMicroelectronics.X-CUBE-NFC12.1.0.0
2026-02-17 21:11:04,158 [WARN] PackLoader:240 - Cannot read IP mode file for STMicroelectronics.X-CUBE-AZRTOS-L5.2.0.0
2026-02-17 21:11:04,171 [WARN] PackLoader:240 - Cannot read IP mode file for STMicroelectronics.X-CUBE-NFC6.3.1.0
2026-02-17 21:11:04,179 [WARN] PackLoader:240 - Cannot read IP mode file for STMicroelectronics.X-CUBE-FREERTOS.1.3.1
2026-02-17 21:11:04,188 [WARN] PackLoader:240 - Cannot read IP mode file for STMicroelectronics.X-CUBE-TOUCHGFX.4.26.0
2026-02-17 21:11:04,198 [WARN] PackLoader:240 - Cannot read IP mode file for STMicroelectronics.FP-SNS-STAIOTCFT.1.0.0
2026-02-17 21:11:04,208 [WARN] PackLoader:240 - Cannot read IP mode file for STMicroelectronics.X-CUBE-DPower.1.3.0
2026-02-17 21:11:04,250 [WARN] ConditionMgr:438 - getConditionDescription Invalid condition id : LAN8742 Phy interface Condition cause : null
2026-02-17 21:11:04,251 [WARN] PackLoader:240 - Cannot read IP mode file for STMicroelectronics.X-CUBE-AZRTOS-L4.2.0.0
2026-02-17 21:11:04,253 [WARN] ConditionMgr:1044 - genDependencies : Invalid condition id : LAN8742 Phy interface Condition cause : null
2026-02-17 21:11:04,253 [WARN] ConditionMgr:1044 - genDependencies : Invalid condition id : LAN8742 Phy interface Condition cause : null
2026-02-17 21:11:04,254 [WARN] ConditionMgr:1044 - genDependencies : Invalid condition id : LAN8742 Phy interface Condition cause : null
2026-02-17 21:11:04,267 [WARN] PackLoader:240 - Cannot read IP mode file for STMicroelectronics.X-CUBE-SFXS2LP1.4.0.0
2026-02-17 21:11:04,402 [WARN] PackLoader:240 - Cannot read IP mode file for STMicroelectronics.X-CUBE-ST67W61.1.2.0
2026-02-17 21:11:04,418 [WARN] PackLoader:240 - Cannot read IP mode file for STMicroelectronics.X-CUBE-BLEMGR.4.1.0
2026-02-17 21:11:04,458 [WARN] ConditionMgr:438 - getConditionDescription Invalid condition id : UX DEVICE CLASS RTOS Condition cause : null
2026-02-17 21:11:04,458 [WARN] ConditionMgr:438 - getConditionDescription Invalid condition id : UX DEVICE CLASS RTOS Condition cause : null
2026-02-17 21:11:04,460 [WARN] PackLoader:240 - Cannot read IP mode file for STMicroelectronics.X-CUBE-AZRTOS-WB.2.0.0
2026-02-17 21:11:04,461 [WARN] ConditionMgr:1044 - genDependencies : Invalid condition id : UX DEVICE CLASS RTOS Condition cause : null
2026-02-17 21:11:04,462 [WARN] ConditionMgr:1044 - genDependencies : Invalid condition id : UX DEVICE CLASS RTOS Condition cause : null
2026-02-17 21:11:04,463 [WARN] ConditionMgr:1044 - genDependencies : Invalid condition id : UX DEVICE CLASS RTOS Condition cause : null
2026-02-17 21:11:04,463 [WARN] ConditionMgr:1044 - genDependencies : Invalid condition id : UX DEVICE CLASS RTOS Condition cause : null
2026-02-17 21:11:04,463 [WARN] ConditionMgr:1044 - genDependencies : Invalid condition id : UX DEVICE CLASS RTOS Condition cause : null
2026-02-17 21:11:04,470 [WARN] PackLoader:240 - Cannot read IP mode file for STMicroelectronics.X-CUBE-GNSS1.7.0.1
2026-02-17 21:11:04,476 [WARN] PackLoader:240 - Cannot read IP mode file for STMicroelectronics.X-CUBE-TOUCHGFX.4.25.0
2026-02-17 21:11:04,485 [WARN] ConditionMgr:438 - getConditionDescription Invalid condition id : Cortex-A Device cause : null
2026-02-17 21:11:04,520 [WARN] ConditionMgr:1044 - genDependencies : Invalid condition id : Cortex-A Device cause : null
2026-02-17 21:11:04,520 [WARN] ConditionMgr:1044 - genDependencies : Invalid condition id : Cortex-A Device cause : null
2026-02-17 21:11:04,521 [WARN] ConditionMgr:1044 - genDependencies : Invalid condition id : Cortex-A Device cause : null
2026-02-17 21:11:04,533 [WARN] PackLoader:240 - Cannot read IP mode file for STMicroelectronics.X-CUBE-STSE01.2.0.0
2026-02-17 21:11:04,548 [WARN] PackLoader:240 - Cannot read IP mode file for STMicroelectronics.X-CUBE-SUBG2.5.0.0
2026-02-17 21:11:04,572 [WARN] PackLoader:240 - Cannot read IP mode file for STMicroelectronics.X-CUBE-AZRTOS-H7RS.1.1.0
2026-02-17 21:11:04,594 [WARN] PackLoader:240 - Cannot read IP mode file for Cesanta.I-CUBE-Mongoose.7.13.0
2026-02-17 21:11:04,610 [WARN] PackLoader:240 - Cannot read IP mode file for STMicroelectronics.X-CUBE-AZRTOS-G4.2.0.0
2026-02-17 21:11:04,638 [WARN] PackLoader:240 - Cannot read IP mode file for wolfSSL.I-CUBE-wolfSSH.1.4.20
2026-02-17 21:11:04,644 [WARN] PackLoader:240 - Cannot read IP mode file for STMicroelectronics.X-CUBE-NFC7.2.0.0
2026-02-17 21:11:04,655 [WARN] PackLoader:240 - Cannot read IP mode file for STMicroelectronics.X-CUBE-IPS.3.1.0
2026-02-17 21:11:04,687 [WARN] PackLoader:240 - Cannot read IP mode file for STMicroelectronics.X-CUBE-ALS.1.0.2
2026-02-17 21:11:04,697 [WARN] PackLoader:240 - Cannot read IP mode file for STMicroelectronics.X-CUBE-STSE01.1.0.0
2026-02-17 21:11:04,705 [WARN] PackLoader:240 - Cannot read IP mode file for portGmbH.I-Cube-SoM-uGOAL.1.1.0
2026-02-17 21:11:04,718 [WARN] PackLoader:240 - Cannot read IP mode file for STMicroelectronics.X-CUBE-TOF1.3.4.3
2026-02-17 21:11:04,726 [INFO] ThirdParty:978 - Integrity check success = true
2026-02-17 21:11:04,728 [INFO] IntegrityCheckThread:100 - exiting critical section [integrity check]
2026-02-17 21:11:04,728 [INFO] IntegrityCheckThread:103 - End integrity checks thread
2026-02-17 21:12:24,041 [INFO] LogOutputStream:77 - [STDOUT_REDIRECT] StartTraceHandler.execute(), success : Collect=false
2026-02-17 21:12:25,794 [INFO] LogOutputStream:77 - [STDOUT_REDIRECT] StartTraceHandler.execute(), success : Collect=true
2026-02-17 21:20:32,756 [INFO] LogOutputStream:77 - [STDOUT_REDIRECT] StartTraceHandler.execute(), success : Collect=false
2026-02-17 21:20:38,799 [INFO] LogOutputStream:77 - [STDOUT_REDIRECT] StartTraceHandler.execute(), success : Collect=true
2026-02-17 21:22:10,890 [INFO] LogOutputStream:77 - [STDOUT_REDIRECT] StartTraceHandler.execute(), success : Collect=false
2026-02-17 21:22:12,206 [INFO] LogOutputStream:77 - [STDOUT_REDIRECT] StartTraceHandler.execute(), success : Collect=true
2026-02-17 21:22:16,631 [INFO] LogOutputStream:77 - [STDOUT_REDIRECT] StartTraceHandler.execute(), success : Collect=false
2026-02-17 21:22:19,484 [INFO] LogOutputStream:77 - [STDOUT_REDIRECT] StartTraceHandler.execute(), success : Collect=true
2026-02-17 21:23:12,456 [INFO] LogOutputStream:77 - [STDOUT_REDIRECT] StartTraceHandler.execute(), success : Collect=false
2026-02-17 21:23:19,820 [INFO] LogOutputStream:77 - [STDOUT_REDIRECT] StartTraceHandler.execute(), success : Collect=true
2026-02-17 21:26:03,363 [INFO] LogOutputStream:77 - [STDOUT_REDIRECT] StartTraceHandler.execute(), success : Collect=false
2026-02-17 21:26:08,127 [INFO] LogOutputStream:77 - [STDOUT_REDIRECT] StartTraceHandler.execute(), success : Collect=true
